0 info it worked if it ends with ok
1 verbose cli [ '/Users/jeremynagel/.nvm/versions/node/v5.4.0/bin/node',
1 verbose cli   '/Users/jeremynagel/.nvm/versions/node/v5.4.0/bin/npm',
1 verbose cli   'run',
1 verbose cli   'build' ]
2 info using npm@3.10.5
3 info using node@v5.4.0
4 verbose run-script [ 'prebuild', 'build', 'postbuild' ]
5 info lifecycle node-demo@1.0.0~prebuild: node-demo@1.0.0
6 silly lifecycle node-demo@1.0.0~prebuild: no script for prebuild, continuing
7 info lifecycle node-demo@1.0.0~build: node-demo@1.0.0
8 verbose lifecycle node-demo@1.0.0~build: unsafe-perm in lifecycle true
9 verbose lifecycle node-demo@1.0.0~build: PATH: /Users/jeremynagel/.nvm/versions/node/v5.4.0/lib/node_modules/npm/bin/node-gyp-bin:/Users/jeremynagel/Documents/dev/personal/zoho/grupo_defenso/node-crm-web-service/node_modules/.bin:/Users/jeremynagel/.nvm/versions/node/v5.4.0/bin:/Users/jeremynagel/.nvm/versions/node/v5.4.0/bin:/usr/local/bin:/usr/bin:/bin:/usr/sbin:/sbin:/Users/jeremynagel/salt-developer/scripts
10 verbose lifecycle node-demo@1.0.0~build: CWD: /Users/jeremynagel/Documents/dev/personal/zoho/grupo_defenso/node-crm-web-service
11 silly lifecycle node-demo@1.0.0~build: Args: [ '-c', 'babel src --source-maps -d build --ignore public' ]
12 silly lifecycle node-demo@1.0.0~build: Returned: code: 1  signal: null
13 info lifecycle node-demo@1.0.0~build: Failed to exec build script
14 verbose stack Error: node-demo@1.0.0 build: `babel src --source-maps -d build --ignore public`
14 verbose stack Exit status 1
14 verbose stack     at EventEmitter.<anonymous> (/Users/jeremynagel/.nvm/versions/node/v5.4.0/lib/node_modules/npm/lib/utils/lifecycle.js:242:16)
14 verbose stack     at emitTwo (events.js:87:13)
14 verbose stack     at EventEmitter.emit (events.js:172:7)
14 verbose stack     at ChildProcess.<anonymous> (/Users/jeremynagel/.nvm/versions/node/v5.4.0/lib/node_modules/npm/lib/utils/spawn.js:40:14)
14 verbose stack     at emitTwo (events.js:87:13)
14 verbose stack     at ChildProcess.emit (events.js:172:7)
14 verbose stack     at maybeClose (internal/child_process.js:821:16)
14 verbose stack     at Process.ChildProcess._handle.onexit (internal/child_process.js:211:5)
15 verbose pkgid node-demo@1.0.0
16 verbose cwd /Users/jeremynagel/Documents/dev/personal/zoho/grupo_defenso/node-crm-web-service/src
17 error Darwin 16.0.0
18 error argv "/Users/jeremynagel/.nvm/versions/node/v5.4.0/bin/node" "/Users/jeremynagel/.nvm/versions/node/v5.4.0/bin/npm" "run" "build"
19 error node v5.4.0
20 error npm  v3.10.5
21 error code ELIFECYCLE
22 error node-demo@1.0.0 build: `babel src --source-maps -d build --ignore public`
22 error Exit status 1
23 error Failed at the node-demo@1.0.0 build script 'babel src --source-maps -d build --ignore public'.
23 error Make sure you have the latest version of node.js and npm installed.
23 error If you do, this is most likely a problem with the node-demo package,
23 error not with npm itself.
23 error Tell the author that this fails on your system:
23 error     babel src --source-maps -d build --ignore public
23 error You can get information on how to open an issue for this project with:
23 error     npm bugs node-demo
23 error Or if that isn't available, you can get their info via:
23 error     npm owner ls node-demo
23 error There is likely additional logging output above.
24 verbose exit [ 1, true ]
